#
# There is insufficient memory for the Java Runtime Environment to continue.
# Native memory allocation (mmap) failed to map 264241152 bytes. Error detail: G1 virtual space
# Possible reasons:
#   The system is out of physical RAM or swap space
#   This process is running with CompressedOops enabled, and the Java Heap may be blocking the growth of the native heap
# Possible solutions:
#   Reduce memory load on the system
#   Increase physical memory or swap space
#   Check if swap backing store is full
#   Decrease Java heap size (-Xmx/-Xms)
#   Decrease number of Java threads
#   Decrease Java thread stack sizes (-Xss)
#   Set larger code cache with -XX:ReservedCodeCacheSize=
#   JVM is running with Zero Based Compressed Oops mode in which the Java heap is
#     placed in the first 32GB address space. The Java Heap base address is the
#     maximum limit for the native heap growth. Please use -XX:HeapBaseMinAddress
#     to set the Java Heap base and to place the Java Heap above 32GB virtual address.
# This output file may be truncated or incomplete.
#
#  Out of Memory Error (os_windows.cpp:3631), pid=27348, tid=22576
#
# JRE version:  (22.0.1+8) (build )
# Java VM: Java HotSpot(TM) 64-Bit Server VM (22.0.1+8-16, mixed mode, sharing, tiered, compressed oops, compressed class ptrs, g1 gc, windows-amd64)
# No core dump will be written. Minidumps are not enabled by default on client versions of Windows
#

---------------  S U M M A R Y ------------

Command Line: -agentlib:jdwp=transport=dt_socket,server=n,suspend=y,address=localhost:61035 --enable-preview -XX:+ShowCodeDetailsInExceptionMessages operacionesbasicas.OperacionesBasicas

Host: 11th Gen Intel(R) Core(TM) i5-1145G7 @ 2.60GHz, 8 cores, 15G,  Windows 11 , 64 bit Build 22621 (10.0.22621.3672)
Time: Tue Jul 16 11:24:13 2024 Hora estándar central (México) elapsed time: 0.064677 seconds (0d 0h 0m 0s)

---------------  T H R E A D  ---------------

Current thread (0x0000026375269390):  JavaThread "Unknown thread" [_thread_in_vm, id=22576, stack(0x000000aa85b00000,0x000000aa85c00000) (1024K)]

Stack: [0x000000aa85b00000,0x000000aa85c00000]
Native frames: (J=compiled Java code, j=interpreted, Vv=VM code, C=native code)
V  [jvm.dll+0x6e2279]  (no source info available)
V  [jvm.dll+0x874e33]  (no source info available)
V  [jvm.dll+0x87725e]  (no source info available)
V  [jvm.dll+0x877933]  (no source info available)
V  [jvm.dll+0x27fd76]  (no source info available)
V  [jvm.dll+0x6de915]  (no source info available)
V  [jvm.dll+0x6d341a]  (no source info available)
V  [jvm.dll+0x3589da]  (no source info available)
V  [jvm.dll+0x360f06]  (no source info available)
V  [jvm.dll+0x3b3e2e]  (no source info available)
V  [jvm.dll+0x3b40d8]  (no source info available)
V  [jvm.dll+0x32c59c]  (no source info available)
V  [jvm.dll+0x32d158]  (no source info available)
V  [jvm.dll+0x83ccdc]  (no source info available)
V  [jvm.dll+0x3c0d71]  (no source info available)
V  [jvm.dll+0x825ccc]  (no source info available)
V  [jvm.dll+0x45b8fe]  (no source info available)
V  [jvm.dll+0x45d781]  (no source info available)
C  [jli.dll+0x52a3]  (no source info available)
C  [ucrtbase.dll+0x29333]  (no source info available)
C  [KERNEL32.DLL+0x1257d]  (no source info available)
C  [ntdll.dll+0x5af28]  (no source info available)


---------------  P R O C E S S  ---------------

Threads class SMR info:
_java_thread_list=0x00007ffab9e2b1c8, length=0, elements={
}

Java Threads: ( => current thread )
Total: 0

Other Threads:
  0x00000263752d0920 WorkerThread "GC Thread#0"                     [id=31544, stack(0x000000aa85c00000,0x000000aa85d00000) (1024K)]
  0x00000263752e2620 ConcurrentGCThread "G1 Main Marker"            [id=24376, stack(0x000000aa85d00000,0x000000aa85e00000) (1024K)]
  0x00000263752e3130 WorkerThread "G1 Conc#0"                       [id=7412, stack(0x000000aa85e00000,0x000000aa85f00000) (1024K)]

[error occurred during error reporting (printing all threads), id 0xc0000005, EXCEPTION_ACCESS_VIOLATION (0xc0000005) at pc=0x00007ffab957f367]
VM state: not at safepoint (not fully initialized)

VM Mutex/Monitor currently owned by a thread:  ([mutex/lock_event])
[0x00007ffab9eabcb8] Heap_lock - owner thread: 0x0000026375269390

Heap address: 0x0000000704a00000, size: 4022 MB, Compressed Oops mode: Zero based, Oop shift amount: 3

CDS archive(s) mapped at: [0x0000000000000000-0x0000000000000000-0x0000000000000000), size 0, SharedBaseAddress: 0x0000000800000000, ArchiveRelocationMode: 1.
Narrow klass base: 0x0000000000000000, Narrow klass shift: 0, Narrow klass range: 0x0

GC Precious Log:
 CardTable entry size: 512
 Card Set container configuration: InlinePtr #cards 4 size 8 Array Of Cards #cards 16 size 48 Howl #buckets 8 coarsen threshold 3686 Howl Bitmap #cards 512 size 80 coarsen threshold 460 Card regions per heap region 1 cards per card region 4096

Heap:
 garbage-first heap   total reserved 4118528K, committed 0K, used 0K [0x0000000704a00000, 0x0000000800000000)
  region size 2048K, 0 young (0K), 0 survivors (0K)

[error occurred during error reporting (printing heap information), id 0xc0000005, EXCEPTION_ACCESS_VIOLATION (0xc0000005) at pc=0x00007ffab997e429]
GC Heap History (0 events):
No events

Dll operation events (1 events):
Event: 0.035 Loaded shared library C:\Program Files\Java\jdk-22\bin\java.dll

Deoptimization events (0 events):
No events

Classes loaded (0 events):
No events

Classes unloaded (0 events):
No events

Classes redefined (0 events):
No events

Internal exceptions (0 events):
No events

ZGC Phase Switch (0 events):
No events

VM Operations (0 events):
No events

Events (0 events):
No events


Dynamic libraries:
0x00007ff666ff0000 - 0x00007ff667000000 	C:\Program Files\Java\jdk-22\bin\java.exe
0x00007ffb0e0f0000 - 0x00007ffb0e307000 	C:\WINDOWS\SYSTEM32\ntdll.dll
0x00007ffb0cce0000 - 0x00007ffb0cda4000 	C:\WINDOWS\System32\KERNEL32.DLL
0x00007ffb0b5c0000 - 0x00007ffb0b96d000 	C:\WINDOWS\System32\KERNELBASE.dll
0x00007ffb0b420000 - 0x00007ffb0b531000 	C:\WINDOWS\System32\ucrtbase.dll
0x00007ffb05c90000 - 0x00007ffb05cab000 	C:\Program Files\Java\jdk-22\bin\VCRUNTIME140.dll
0x00007ffaef9b0000 - 0x00007ffaef9c7000 	C:\Program Files\Java\jdk-22\bin\jli.dll
0x00007ffb0be30000 - 0x00007ffb0bee2000 	C:\WINDOWS\System32\ADVAPI32.dll
0x00007ffb0d400000 - 0x00007ffb0d4a7000 	C:\WINDOWS\System32\msvcrt.dll
0x00007ffb0ce10000 - 0x00007ffb0ceb9000 	C:\WINDOWS\System32\sechost.dll
0x00007ffb0bce0000 - 0x00007ffb0bd08000 	C:\WINDOWS\System32\bcrypt.dll
0x00007ffb0d4c0000 - 0x00007ffb0d5d4000 	C:\WINDOWS\System32\RPCRT4.dll
0x00007ffb0bfd0000 - 0x00007ffb0c17e000 	C:\WINDOWS\System32\USER32.dll
0x00007ffb0bb80000 - 0x00007ffb0bba6000 	C:\WINDOWS\System32\win32u.dll
0x00007ffaff5e0000 - 0x00007ffaff873000 	C:\WINDOWS\WinSxS\amd64_microsoft.windows.common-controls_6595b64144ccf1df_6.0.22621.3672_none_2713b9d173822955\COMCTL32.dll
0x00007ffb0d020000 - 0x00007ffb0d049000 	C:\WINDOWS\System32\GDI32.dll
0x00007ffb0bd10000 - 0x00007ffb0be29000 	C:\WINDOWS\System32\gdi32full.dll
0x00007ffb0bae0000 - 0x00007ffb0bb7a000 	C:\WINDOWS\System32\msvcp_win.dll
0x00007ffb03870000 - 0x00007ffb0387a000 	C:\WINDOWS\SYSTEM32\VERSION.dll
0x00007ffb0c280000 - 0x00007ffb0c2b1000 	C:\WINDOWS\System32\IMM32.DLL
0x00007ffb05c40000 - 0x00007ffb05c4c000 	C:\Program Files\Java\jdk-22\bin\vcruntime140_1.dll
0x00007ffaeae50000 - 0x00007ffaeaede000 	C:\Program Files\Java\jdk-22\bin\msvcp140.dll
0x00007ffab9240000 - 0x00007ffab9f87000 	C:\Program Files\Java\jdk-22\bin\server\jvm.dll
0x00007ffb0bf50000 - 0x00007ffb0bfc1000 	C:\WINDOWS\System32\WS2_32.dll
0x00007ffb0aca0000 - 0x00007ffb0aced000 	C:\WINDOWS\SYSTEM32\POWRPROF.dll
0x00007ffb03880000 - 0x00007ffb038b4000 	C:\WINDOWS\SYSTEM32\WINMM.dll
0x00007ffb0ac80000 - 0x00007ffb0ac93000 	C:\WINDOWS\SYSTEM32\UMPDC.dll
0x00007ffb0a410000 - 0x00007ffb0a428000 	C:\WINDOWS\SYSTEM32\kernel.appcore.dll
0x00007ffb05b70000 - 0x00007ffb05b7a000 	C:\Program Files\Java\jdk-22\bin\jimage.dll
0x00007ffb08c00000 - 0x00007ffb08e32000 	C:\WINDOWS\SYSTEM32\DBGHELP.DLL
0x00007ffb0d070000 - 0x00007ffb0d3f8000 	C:\WINDOWS\System32\combase.dll
0x00007ffb0c880000 - 0x00007ffb0c957000 	C:\WINDOWS\System32\OLEAUT32.dll
0x00007ffb01cd0000 - 0x00007ffb01d02000 	C:\WINDOWS\SYSTEM32\dbgcore.DLL
0x00007ffb0b540000 - 0x00007ffb0b5bb000 	C:\WINDOWS\System32\bcryptPrimitives.dll
0x00007ffaef970000 - 0x00007ffaef9ac000 	C:\Program Files\Java\jdk-22\bin\jdwp.dll
0x00007ffb01830000 - 0x00007ffb0184e000 	C:\Program Files\Java\jdk-22\bin\java.dll
0x00007ffb0d7a0000 - 0x00007ffb0dfff000 	C:\WINDOWS\System32\SHELL32.dll
0x00007ffb0d5e0000 - 0x00007ffb0d785000 	C:\WINDOWS\System32\ole32.dll

dbghelp: loaded successfully - version: 4.0.5 - missing functions: none
symbol engine: initialized successfully - sym options: 0x614 - pdb path: .;C:\Program Files\Java\jdk-22\bin;C:\WINDOWS\SYSTEM32;C:\WINDOWS\WinSxS\amd64_microsoft.windows.common-controls_6595b64144ccf1df_6.0.22621.3672_none_2713b9d173822955;C:\Program Files\Java\jdk-22\bin\server

VM Arguments:
jvm_args: -agentlib:jdwp=transport=dt_socket,server=n,suspend=y,address=localhost:61035 --enable-preview -XX:+ShowCodeDetailsInExceptionMessages 
java_command: operacionesbasicas.OperacionesBasicas
java_class_path (initial): C:\Users\Yomi\AppData\Roaming\Code\User\workspaceStorage\f1aad1390842c93d57412d50c40581d4\redhat.java\jdt_ws\Java_dc283e3f\bin
Launcher Type: SUN_STANDARD

[Global flags]
     intx CICompilerCount                          = 4                                         {product} {ergonomic}
     uint ConcGCThreads                            = 2                                         {product} {ergonomic}
     uint G1ConcRefinementThreads                  = 8                                         {product} {ergonomic}
   size_t G1HeapRegionSize                         = 2097152                                   {product} {ergonomic}
   size_t InitialHeapSize                          = 264241152                                 {product} {ergonomic}
   size_t MarkStackSize                            = 4194304                                   {product} {ergonomic}
   size_t MaxHeapSize                              = 4217372672                                {product} {ergonomic}
   size_t MinHeapDeltaBytes                        = 2097152                                   {product} {ergonomic}
   size_t MinHeapSize                              = 8388608                                   {product} {ergonomic}
    uintx NonNMethodCodeHeapSize                   = 5839372                                {pd product} {ergonomic}
    uintx NonProfiledCodeHeapSize                  = 122909434                              {pd product} {ergonomic}
    uintx ProfiledCodeHeapSize                     = 122909434                              {pd product} {ergonomic}
    uintx ReservedCodeCacheSize                    = 251658240                              {pd product} {ergonomic}
     bool SegmentedCodeCache                       = true                                      {product} {ergonomic}
     bool ShowCodeDetailsInExceptionMessages       = true                                   {manageable} {command line}
   size_t SoftMaxHeapSize                          = 4217372672                             {manageable} {ergonomic}
     bool UseCompressedOops                        = true                           {product lp64_product} {ergonomic}
     bool UseG1GC                                  = true                                      {product} {ergonomic}
     bool UseLargePagesIndividualAllocation        = false                                  {pd product} {ergonomic}

Logging:
Log output configuration:
 #0: stdout all=warning uptime,level,tags foldmultilines=false
 #1: stderr all=off uptime,level,tags foldmultilines=false

Environment Variables:
PATH=C:\Program Files\Common Files\Oracle\Java\javapath;C:\Program Files (x86)\Common Files\Intel\Shared Libraries\redist\intel64\compiler;C:\WINDOWS\system32;C:\WINDOWS;C:\WINDOWS\System32\Wbem;C:\WINDOWS\System32\WindowsPowerShell\v1.0\;C:\WINDOWS\System32\OpenSSH\;C:\Program Files\Git\cmd;C:\Program Files\nodejs\;C:\laragon\bin\php\php-8.1.10-Win32-vs16-x64;C:\ProgramData\ComposerSetup\bin;C:\Program Files\PuTTY\;C:\Users\Yomi\AppData\Local\Microsoft\WindowsApps;C:\Users\Yomi\AppData\Local\Programs\Microsoft VS Code\bin;C:\Users\Yomi\AppData\Roaming\npm;C:\Users\Yomi\AppData\Local\gitkraken\bin;C:\Users\Yomi\AppData\Local\Microsoft\WindowsApps;C:\MinGW\bin;C:\Users\Yomi\AppData\Roaming\Composer\vendor\bin
USERNAME=Yomi
LANG=en_US.UTF-8
OS=Windows_NT
PROCESSOR_IDENTIFIER=Intel64 Family 6 Model 140 Stepping 1, GenuineIntel
TMP=C:\Users\Yomi\AppData\Local\Temp
TEMP=C:\Users\Yomi\AppData\Local\Temp




Periodic native trim disabled

---------------  S Y S T E M  ---------------

OS:
 Windows 11 , 64 bit Build 22621 (10.0.22621.3672)
OS uptime: 6 days 2:40 hours
Hyper-V role detected

CPU: total 8 (initial active 8) (4 cores per cpu, 2 threads per core) family 6 model 140 stepping 1 microcode 0xb4, cx8, cmov, fxsr, ht, mmx, 3dnowpref, sse, sse2, sse3, ssse3, sse4.1, sse4.2, popcnt, lzcnt, tsc, tscinvbit, avx, avx2, aes, erms, clmul, bmi1, bmi2, adx, avx512f, avx512dq, avx512cd, avx512bw, avx512vl, sha, fma, vzeroupper, avx512_vpopcntdq, avx512_vpclmulqdq, avx512_vaes, avx512_vnni, clflush, clflushopt, clwb, avx512_vbmi2, avx512_vbmi, hv, rdtscp, rdpid, fsrm, gfni, avx512_bitalg, f16c, cet_ibt, cet_ss, avx512_ifma
Processor Information for all 8 processors :
  Max Mhz: 2611, Current Mhz: 1104, Mhz Limit: 1096

Memory: 4k page, system-wide physical 16087M (3041M free)
TotalPageFile size 46496M (AvailPageFile size 107M)
current process WorkingSet (physical memory assigned to process): 12M, peak: 12M
current process commit charge ("private bytes"): 60M, peak: 312M

vm_info: Java HotSpot(TM) 64-Bit Server VM (22.0.1+8-16) for windows-amd64 JRE (22.0.1+8-16), built on 2024-03-12T10:33:16Z by "mach5one" with MS VC++ 17.6 (VS2022)

END.
